2024-12-18 12:35:38,709 - INFO -common - Data has been load Sucessfully...
2024-12-18 12:41:04,157 - INFO -common - Data has been load Sucessfully...
2024-12-18 12:41:22,048 - INFO -common - Data has been load Sucessfully...
2024-12-18 12:42:25,490 - INFO -common - Data has been load Sucessfully...
2024-12-18 12:44:15,643 - INFO -common - Data has been load Sucessfully...
2024-12-18 12:44:43,444 - INFO -common - Data has been load Sucessfully...
2024-12-18 12:45:32,499 - INFO -common - Data has been load Sucessfully...
2024-12-18 12:46:02,516 - INFO -common - Data has been load Sucessfully...
2024-12-18 12:47:30,450 - INFO -common - Data has been load Sucessfully...
2024-12-18 12:49:14,235 - INFO -common - Data has been load Sucessfully...
2024-12-18 14:26:08,830 - INFO -common - Data has been load Sucessfully...
2024-12-18 14:26:45,671 - INFO -common - Data has been load Sucessfully...
2024-12-18 14:27:04,163 - INFO -common - Data has been load Sucessfully...
2024-12-18 14:27:51,872 - INFO -common - Data has been load Sucessfully...
2024-12-18 14:29:19,020 - INFO -common - Data has been load Sucessfully...
2024-12-18 14:43:01,495 - INFO -utils - NumExpr defaulting to 8 threads.
2024-12-18 14:43:01,693 - INFO -common - Data has been load Sucessfully...
2024-12-18 14:43:01,693 - INFO -common - directory has been created Sucessfully on location data/raw_data
2024-12-18 14:43:09,774 - INFO -data_ingestion - Timeline data has been store to data/raw_data
2024-12-18 14:43:12,985 - INFO -data_ingestion - Timeline data has been store to data/raw_data
2024-12-18 14:44:11,434 - INFO -data_ingestion - Tweets Data has been store on  the loction data/raw_data Sucessfully....
2024-12-18 15:01:12,270 - INFO -utils - NumExpr defaulting to 8 threads.
2024-12-18 15:01:12,457 - INFO -common - Data has been load Sucessfully...
2024-12-18 15:01:12,458 - INFO -common - directory has been created Sucessfully on location data/raw_data
2024-12-18 15:01:18,718 - INFO -data_ingestion - Timeline data has been store to data/raw_data
2024-12-18 15:01:22,021 - INFO -data_ingestion - Timeline data has been store to data/raw_data
2024-12-18 15:02:21,080 - INFO -data_ingestion - Tweets Data has been store on  the loction data/raw_data Sucessfully....
2024-12-18 15:14:29,867 - INFO -utils - NumExpr defaulting to 8 threads.
2024-12-18 15:14:30,027 - INFO -main - Data_Ingestion_Pipeline has been started Sucessfully...
2024-12-18 15:14:30,028 - INFO -common - Yaml file read Sucessfully.....
2024-12-18 15:14:30,028 - INFO -common - directory has been created Sucessfully on location data/raw_data
2024-12-18 15:14:35,810 - INFO -data_ingestion - Timeline data has been store to data/raw_data
2024-12-18 15:14:39,008 - INFO -data_ingestion - Timeline data has been store to data/raw_data
2024-12-18 15:15:46,868 - INFO -data_ingestion - Tweets Data has been store on  the loction data/raw_data Sucessfully....
2024-12-18 15:15:46,870 - INFO -data_ingestion_pipeline - Data Ingestion Done Successfully.....
2024-12-18 15:15:46,870 - INFO -main - Data_Ingestion_Pipeline has been complated Sucessfully...
2024-12-18 15:16:38,272 - INFO -utils - NumExpr defaulting to 8 threads.
2024-12-18 15:16:38,436 - INFO -main - <<<<<<<<<<<<<<<<<Data_Ingestion_Pipeline has been started Sucessfully..>>>>>>>>>>>>>>>>>>
2024-12-18 15:16:38,437 - INFO -common - Yaml file read Sucessfully.....
2024-12-18 15:16:38,437 - INFO -common - directory has been created Sucessfully on location data/raw_data
2024-12-18 15:16:44,532 - INFO -data_ingestion - Timeline data has been store to data/raw_data
2024-12-18 15:16:47,289 - INFO -data_ingestion - Timeline data has been store to data/raw_data
2024-12-18 15:17:47,198 - INFO -data_ingestion - Tweets Data has been store on  the loction data/raw_data Sucessfully....
2024-12-18 15:17:47,199 - INFO -data_ingestion_pipeline - Data Ingestion Done Successfully.....
2024-12-18 15:17:47,199 - INFO -main - <<<<<<<<<<<<<<<<<<<Data_Ingestion_Pipeline has been complated Sucessfully..>>>>>>>>>>>>>>>>>
